[2021-12-08 13:59:55+00:00] root - INFO - Starting Tweets collector script
[2021-12-08 13:59:55+00:00] root - INFO - Profiles loaded: 68
[2021-12-08 13:59:55+00:00] root - INFO - Keywords loaded: 15
[2021-12-08 13:59:55+00:00] root - INFO - Start date: 2021-12-07T13:59:55+00:00
[2021-12-08 13:59:55+00:00] root - INFO - Collecting tweets of petrogustavo...
[2021-12-08 13:59:55+00:00] root - INFO - Collecting tweets of sergio_fajardo...
[2021-12-08 13:59:55+00:00] root - INFO - Collecting tweets of ingrodolfohdez...
[2021-12-08 13:59:55+00:00] root - INFO - Collecting tweets of OIZuluaga...
[2021-12-08 13:59:55+00:00] root - INFO - [*] Tweet 1468575723640307716 collected
[2021-12-08 13:59:55+00:00] root - INFO - Collecting replies of 1468575723640307716...
[2021-12-08 13:59:55+00:00] root - INFO - [*] Replies collected: 7
[2021-12-08 13:59:55+00:00] root - INFO - Collecting retweets of 1468575723640307716...
[2021-12-08 13:59:55+00:00] root - INFO - [*] Retweets collected: 3
[2021-12-08 13:59:55+00:00] root - INFO - Collecting tweets of MariaFdaCabal...
[2021-12-08 13:59:55+00:00] root - INFO - [*] Tweet 1468269315417952265 collected
[2021-12-08 13:59:55+00:00] root - INFO - Collecting replies of 1468269315417952265...
[2021-12-08 13:59:55+00:00] root - INFO - [*] Replies collected: 172
[2021-12-08 13:59:55+00:00] root - INFO - Collecting retweets of 1468269315417952265...
[2021-12-08 13:59:55+00:00] root - INFO - [*] Retweets collected: 33
[2021-12-08 13:59:55+00:00] root - INFO - Collecting tweets of RoyBarreras...
[2021-12-08 13:59:55+00:00] root - INFO - Collecting tweets of PalomaValenciaL...
[2021-12-08 13:59:55+00:00] root - INFO - Collecting tweets of davidbarguil...
[2021-12-08 13:59:55+00:00] root - INFO - Collecting tweets of EnriquePenalosa...
[2021-12-08 13:59:55+00:00] root - INFO - Collecting tweets of agaviriau...
[2021-12-08 13:59:55+00:00] root - INFO - Collecting tweets of DeLaCalleHum...
[2021-12-08 13:59:55+00:00] root - INFO - Collecting tweets of juanmanuelgalan...
[2021-12-08 13:59:55+00:00] root - INFO - Collecting tweets of FicoGutierrez...
[2021-12-08 13:59:55+00:00] root - INFO - Collecting tweets of CamiloRomero...
[2021-12-08 13:59:55+00:00] root - INFO - Collecting tweets of AlirioBarreraR...
[2021-12-08 13:59:55+00:00] root - INFO - Collecting tweets of RafaNietoLoaiza...
[2021-12-08 13:59:55+00:00] root - INFO - Collecting tweets of JCecheverryCol...
[2021-12-08 13:59:55+00:00] root - INFO - Collecting tweets of CristoBustos...
[2021-12-08 13:59:55+00:00] root - INFO - Collecting tweets of AlexLopezMaya...
[2021-12-08 13:59:55+00:00] root - INFO - [*] Tweet 1468573381759012864 collected
[2021-12-08 13:59:55+00:00] root - INFO - Collecting replies of 1468573381759012864...
[2021-12-08 13:59:55+00:00] root - INFO - [*] Replies collected: 1
[2021-12-08 13:59:55+00:00] root - INFO - Collecting retweets of 1468573381759012864...
[2021-12-08 13:59:55+00:00] root - INFO - [*] Retweets collected: 0
[2021-12-08 13:59:55+00:00] root - INFO - [*] Tweet 1468562460001067012 collected
[2021-12-08 13:59:55+00:00] root - INFO - Collecting replies of 1468562460001067012...
[2021-12-08 13:59:55+00:00] root - INFO - [*] Replies collected: 0
[2021-12-08 13:59:55+00:00] root - INFO - Collecting retweets of 1468562460001067012...
[2021-12-08 13:59:55+00:00] root - INFO - [*] Retweets collected: 0
[2021-12-08 13:59:55+00:00] root - INFO - [*] Tweet 1468552411031785472 collected
[2021-12-08 13:59:55+00:00] root - INFO - Collecting replies of 1468552411031785472...
[2021-12-08 13:59:55+00:00] root - INFO - [*] Replies collected: 0
[2021-12-08 13:59:55+00:00] root - INFO - Collecting retweets of 1468552411031785472...
[2021-12-08 13:59:55+00:00] root - INFO - [*] Retweets collected: 0
[2021-12-08 13:59:55+00:00] root - INFO - Collecting tweets of arelisuriana...
[2021-12-08 13:59:55+00:00] root - INFO - Collecting tweets of FranciaMarquezM...
[2021-12-08 13:59:55+00:00] root - INFO - [*] Tweet 1468275887992881152 collected
[2021-12-08 13:59:55+00:00] root - INFO - Collecting replies of 1468275887992881152...
[2021-12-08 13:59:55+00:00] root - INFO - [*] Replies collected: 13
[2021-12-08 13:59:55+00:00] root - INFO - Collecting retweets of 1468275887992881152...
[2021-12-08 13:59:55+00:00] root - INFO - [*] Retweets collected: 9
[2021-12-08 13:59:55+00:00] root - INFO - [*] Tweet 1468273262950068228 collected
[2021-12-08 13:59:55+00:00] root - INFO - Collecting replies of 1468273262950068228...
[2021-12-08 13:59:55+00:00] root - INFO - [*] Replies collected: 23
[2021-12-08 13:59:55+00:00] root - INFO - Collecting retweets of 1468273262950068228...
[2021-12-08 13:59:55+00:00] root - INFO - [*] Retweets collected: 10
[2021-12-08 13:59:55+00:00] root - INFO - Collecting tweets of angelamrobledo...
[2021-12-08 13:59:55+00:00] root - INFO - Collecting tweets of velascoluisf...
[2021-12-08 13:59:55+00:00] root - INFO - Collecting tweets of veranodelarosa...
[2021-12-08 13:59:55+00:00] root - INFO - Collecting tweets of JERobledo...
[2021-12-08 13:59:55+00:00] root - INFO - [*] Tweet 1468550802419732494 collected
[2021-12-08 13:59:55+00:00] root - INFO - Collecting replies of 1468550802419732494...
[2021-12-08 13:59:55+00:00] root - INFO - [*] Replies collected: 15
[2021-12-08 13:59:55+00:00] root - INFO - Collecting retweets of 1468550802419732494...
[2021-12-08 13:59:55+00:00] root - INFO - [*] Retweets collected: 4
[2021-12-08 13:59:55+00:00] root - INFO - Collecting tweets of jorgelondodelac...
[2021-12-08 13:59:55+00:00] root - INFO - Collecting tweets of ivanmarulanda...
[2021-12-08 13:59:55+00:00] root - INFO - Collecting tweets of CarlosAmayaR...
[2021-12-08 13:59:55+00:00] root - INFO - Collecting tweets of Rodrigo_Lara_...
[2021-12-08 13:59:55+00:00] root - INFO - Collecting tweets of Luis_Perez_G...
[2021-12-08 13:59:55+00:00] root - INFO - Collecting tweets of DilianFrancisca...
[2021-12-08 13:59:55+00:00] root - INFO - [*] Tweet 1468304125377060868 collected
[2021-12-08 13:59:55+00:00] root - INFO - Collecting replies of 1468304125377060868...
[2021-12-08 13:59:55+00:00] root - INFO - [*] Replies collected: 5
[2021-12-08 13:59:55+00:00] root - INFO - Collecting retweets of 1468304125377060868...
[2021-12-08 13:59:55+00:00] root - INFO - [*] Retweets collected: 0
[2021-12-08 13:59:55+00:00] root - INFO - Collecting tweets of CeballosM_UEC...
[2021-12-08 13:59:55+00:00] root - INFO - Collecting tweets of JohnMiltonR_...
[2021-12-08 13:59:55+00:00] root - INFO - [*] Tweet 1468571979284373513 collected
[2021-12-08 13:59:55+00:00] root - INFO - Collecting replies of 1468571979284373513...
[2021-12-08 13:59:55+00:00] root - INFO - [*] Replies collected: 3
[2021-12-08 13:59:55+00:00] root - INFO - Collecting retweets of 1468571979284373513...
[2021-12-08 13:59:55+00:00] root - INFO - [*] Retweets collected: 0
[2021-12-08 13:59:55+00:00] root - INFO - [*] Tweet 1468220140592508935 collected
[2021-12-08 13:59:55+00:00] root - INFO - Collecting replies of 1468220140592508935...
[2021-12-08 13:59:55+00:00] root - INFO - [*] Replies collected: 1
[2021-12-08 13:59:55+00:00] root - INFO - Collecting retweets of 1468220140592508935...
[2021-12-08 13:59:55+00:00] root - INFO - [*] Retweets collected: 0
[2021-12-08 13:59:55+00:00] root - INFO - Collecting tweets of JCecheverryCol...
[2021-12-08 13:59:55+00:00] root - INFO - Collecting tweets of UbeimarDelgadoB...
[2021-12-08 13:59:55+00:00] root - INFO - [*] Tweet 1468222379553918981 collected
[2021-12-08 13:59:55+00:00] root - INFO - Collecting replies of 1468222379553918981...
[2021-12-08 13:59:55+00:00] root - INFO - [*] Replies collected: 0
[2021-12-08 13:59:55+00:00] root - INFO - Collecting retweets of 1468222379553918981...
[2021-12-08 13:59:55+00:00] root - INFO - [*] Retweets collected: 0
[2021-12-08 13:59:55+00:00] root - INFO - Collecting tweets of MauricioCard...
[2021-12-08 13:59:55+00:00] root - INFO - Collecting tweets of AlirioBarreraR...
[2021-12-08 13:59:55+00:00] root - INFO - Collecting tweets of RafaNietoLoaiza...
[2021-12-08 13:59:55+00:00] root - INFO - Collecting tweets of AlvaroUribeVel...
[2021-12-08 13:59:55+00:00] root - INFO - Collecting tweets of honohenriquez...
[2021-12-08 13:59:55+00:00] root - INFO - [*] Tweet 1468228719219286021 collected
[2021-12-08 13:59:55+00:00] root - INFO - Collecting replies of 1468228719219286021...
[2021-12-08 13:59:55+00:00] root - INFO - [*] Replies collected: 55
[2021-12-08 13:59:55+00:00] root - INFO - Collecting retweets of 1468228719219286021...
[2021-12-08 13:59:55+00:00] root - INFO - [*] Retweets collected: 34
[2021-12-08 13:59:55+00:00] root - INFO - Collecting tweets of ArturoCharC...
[2021-12-08 13:59:55+00:00] root - INFO - Collecting tweets of EfrainCepeda...
[2021-12-08 13:59:55+00:00] root - INFO - [*] Tweet 1468319785725345799 collected
[2021-12-08 13:59:55+00:00] root - INFO - Collecting replies of 1468319785725345799...
[2021-12-08 13:59:55+00:00] root - INFO - [*] Replies collected: 0
[2021-12-08 13:59:55+00:00] root - INFO - Collecting retweets of 1468319785725345799...
[2021-12-08 13:59:55+00:00] root - INFO - [*] Retweets collected: 0
[2021-12-08 13:59:55+00:00] root - INFO - Collecting tweets of IvanAgudeloZ...
[2021-12-08 13:59:55+00:00] root - INFO - Collecting tweets of JoseDavidName...
[2021-12-08 13:59:55+00:00] root - INFO - Collecting tweets of AABenedetti...
[2021-12-08 13:59:55+00:00] root - INFO - [*] Tweet 1468383256424890375 collected
[2021-12-08 13:59:55+00:00] root - INFO - Collecting replies of 1468383256424890375...
[2021-12-08 13:59:55+00:00] root - INFO - [*] Replies collected: 75
[2021-12-08 13:59:55+00:00] root - INFO - Collecting retweets of 1468383256424890375...
[2021-12-08 13:59:55+00:00] root - INFO - [*] Retweets collected: 8
[2021-12-08 13:59:55+00:00] root - INFO - [*] Tweet 1468378504827965446 collected
[2021-12-08 13:59:55+00:00] root - INFO - Collecting replies of 1468378504827965446...
[2021-12-08 13:59:55+00:00] root - INFO - [*] Replies collected: 225
[2021-12-08 13:59:55+00:00] root - INFO - Collecting retweets of 1468378504827965446...
[2021-12-08 13:59:55+00:00] root - INFO - [*] Retweets collected: 17
[2021-12-08 13:59:55+00:00] root - INFO - Collecting tweets of AntanasMockus...
[2021-12-08 13:59:55+00:00] root - INFO - Collecting tweets of SenadorJGuevara...
[2021-12-08 13:59:55+00:00] root - INFO - Collecting tweets of AngelicaLozanoC...
[2021-12-08 13:59:55+00:00] root - INFO - Collecting tweets of IvanCepedaCast...
[2021-12-08 13:59:55+00:00] root - INFO - Collecting tweets of CatatumbComunes...
[2021-12-08 13:59:55+00:00] root - INFO - Collecting tweets of GustavoBolivar...
[2021-12-08 13:59:55+00:00] root - INFO - [*] Tweet 1468312372611887104 collected
[2021-12-08 13:59:55+00:00] root - INFO - Collecting replies of 1468312372611887104...
[2021-12-08 13:59:55+00:00] root - INFO - [*] Replies collected: 0
[2021-12-08 13:59:55+00:00] root - INFO - Collecting retweets of 1468312372611887104...
[2021-12-08 13:59:55+00:00] root - INFO - [*] Retweets collected: 11
[2021-12-08 13:59:55+00:00] root - INFO - Collecting tweets of AidaAvellaE...
[2021-12-08 13:59:55+00:00] root - INFO - [*] Tweet 1468575519104974848 collected
[2021-12-08 13:59:55+00:00] root - INFO - Collecting replies of 1468575519104974848...
[2021-12-08 13:59:55+00:00] root - INFO - [*] Replies collected: 4
[2021-12-08 13:59:55+00:00] root - INFO - Collecting retweets of 1468575519104974848...
[2021-12-08 13:59:55+00:00] root - INFO - [*] Retweets collected: 1
[2021-12-08 13:59:55+00:00] root - INFO - Collecting tweets of JohnMiltonR_...
[2021-12-08 13:59:55+00:00] root - INFO - [*] Tweet 1468571979284373513 collected
[2021-12-08 13:59:55+00:00] root - INFO - Collecting replies of 1468571979284373513...
[2021-12-08 13:59:55+00:00] root - INFO - [*] Replies collected: 3
[2021-12-08 13:59:55+00:00] root - INFO - Collecting retweets of 1468571979284373513...
[2021-12-08 13:59:55+00:00] root - INFO - [*] Retweets collected: 0
[2021-12-08 13:59:55+00:00] root - INFO - [*] Tweet 1468220140592508935 collected
[2021-12-08 13:59:55+00:00] root - INFO - Collecting replies of 1468220140592508935...
[2021-12-08 13:59:55+00:00] root - INFO - [*] Replies collected: 1
[2021-12-08 13:59:55+00:00] root - INFO - Collecting retweets of 1468220140592508935...
[2021-12-08 13:59:55+00:00] root - INFO - [*] Retweets collected: 0
[2021-12-08 13:59:55+00:00] root - INFO - Collecting tweets of FelicianoValen...
[2021-12-08 13:59:55+00:00] root - INFO - [*] Tweet 1468534540088053766 collected
[2021-12-08 13:59:55+00:00] root - INFO - Collecting replies of 1468534540088053766...
[2021-12-08 13:59:55+00:00] root - INFO - [*] Replies collected: 1
[2021-12-08 13:59:55+00:00] root - INFO - Collecting retweets of 1468534540088053766...
[2021-12-08 13:59:55+00:00] root - INFO - [*] Retweets collected: 1
[2021-12-08 13:59:55+00:00] root - INFO - [*] Tweet 1468250706100596744 collected
[2021-12-08 13:59:55+00:00] root - INFO - Collecting replies of 1468250706100596744...
[2021-12-08 13:59:55+00:00] root - INFO - [*] Replies collected: 2
[2021-12-08 13:59:55+00:00] root - INFO - Collecting retweets of 1468250706100596744...
[2021-12-08 13:59:55+00:00] root - INFO - [*] Retweets collected: 0
[2021-12-08 13:59:55+00:00] root - INFO - Collecting tweets of jjUscategui...
[2021-12-08 13:59:55+00:00] root - INFO - Collecting tweets of JuanKarloslos...
[2021-12-08 13:59:55+00:00] root - INFO - Collecting tweets of ReyesKuri...
[2021-12-08 13:59:55+00:00] root - INFO - Collecting tweets of oscardarioperez...
[2021-12-08 13:59:55+00:00] root - INFO - Collecting tweets of clorduy...
[2021-12-08 13:59:55+00:00] root - INFO - Collecting tweets of apecuello...
[2021-12-08 13:59:55+00:00] root - INFO - Collecting tweets of JuanitaGoe...
[2021-12-08 13:59:55+00:00] root - INFO - [*] Tweet 1468257765869064194 collected
[2021-12-08 13:59:55+00:00] root - INFO - Collecting replies of 1468257765869064194...
[2021-12-08 13:59:55+00:00] root - INFO - [*] Replies collected: 7
[2021-12-08 13:59:55+00:00] root - INFO - Collecting retweets of 1468257765869064194...
[2021-12-08 13:59:55+00:00] root - INFO - [*] Retweets collected: 1
[2021-12-08 13:59:55+00:00] root - INFO - Collecting tweets of MirandaBogota...
[2021-12-08 13:59:55+00:00] root - INFO - Collecting tweets of MauroToroO...
[2021-12-08 13:59:55+00:00] root - INFO - Collecting tweets of FiscaliaCol...
[2021-12-08 13:59:55+00:00] root - INFO - [*] Tweet 1468308215800684550 collected
[2021-12-08 13:59:55+00:00] root - INFO - Collecting replies of 1468308215800684550...
[2021-12-08 13:59:55+00:00] root - INFO - [*] Replies collected: 1
[2021-12-08 13:59:55+00:00] root - INFO - Collecting retweets of 1468308215800684550...
[2021-12-08 13:59:55+00:00] root - INFO - [*] Retweets collected: 0
[2021-12-08 13:59:55+00:00] root - INFO - Collecting tweets of PGN_COL...
[2021-12-08 13:59:55+00:00] root - INFO - [*] Tweet 1468334547716739077 collected
[2021-12-08 13:59:55+00:00] root - INFO - Collecting replies of 1468334547716739077...
[2021-12-08 13:59:55+00:00] root - INFO - [*] Replies collected: 0
[2021-12-08 13:59:55+00:00] root - INFO - Collecting retweets of 1468334547716739077...
[2021-12-08 13:59:55+00:00] root - INFO - [*] Retweets collected: 0
[2021-12-08 13:59:55+00:00] root - INFO - [*] Tweet 1468334545539842050 collected
[2021-12-08 13:59:55+00:00] root - INFO - Collecting replies of 1468334545539842050...
[2021-12-08 13:59:55+00:00] root - INFO - [*] Replies collected: 0
[2021-12-08 13:59:55+00:00] root - INFO - Collecting retweets of 1468334545539842050...
[2021-12-08 13:59:55+00:00] root - INFO - [*] Retweets collected: 0
[2021-12-08 13:59:55+00:00] root - INFO - [*] Tweet 1468334541358120966 collected
[2021-12-08 13:59:55+00:00] root - INFO - Collecting replies of 1468334541358120966...
[2021-12-08 13:59:55+00:00] root - INFO - [*] Replies collected: 1
[2021-12-08 13:59:55+00:00] root - INFO - Collecting retweets of 1468334541358120966...
[2021-12-08 13:59:55+00:00] root - INFO - [*] Retweets collected: 0
[2021-12-08 13:59:55+00:00] root - INFO - [*] Tweet 1468332488560820225 collected
[2021-12-08 13:59:55+00:00] root - INFO - Collecting replies of 1468332488560820225...
[2021-12-08 13:59:55+00:00] root - INFO - [*] Replies collected: 0
[2021-12-08 13:59:55+00:00] root - INFO - Collecting retweets of 1468332488560820225...
[2021-12-08 13:59:55+00:00] root - INFO - [*] Retweets collected: 0
[2021-12-08 13:59:55+00:00] root - INFO - [*] Tweet 1468318318503333893 collected
[2021-12-08 13:59:55+00:00] root - INFO - Collecting replies of 1468318318503333893...
[2021-12-08 13:59:55+00:00] root - INFO - [*] Replies collected: 0
[2021-12-08 13:59:55+00:00] root - INFO - Collecting retweets of 1468318318503333893...
[2021-12-08 13:59:55+00:00] root - INFO - [*] Retweets collected: 0
[2021-12-08 13:59:55+00:00] root - INFO - [*] Tweet 1468309891378987015 collected
[2021-12-08 13:59:55+00:00] root - INFO - Collecting replies of 1468309891378987015...
[2021-12-08 13:59:55+00:00] root - INFO - [*] Replies collected: 0
[2021-12-08 13:59:55+00:00] root - INFO - Collecting retweets of 1468309891378987015...
[2021-12-08 13:59:55+00:00] root - INFO - [*] Retweets collected: 0
[2021-12-08 13:59:55+00:00] root - INFO - [*] Tweet 1468272845683757058 collected
[2021-12-08 13:59:55+00:00] root - INFO - Collecting replies of 1468272845683757058...
[2021-12-08 13:59:55+00:00] root - INFO - [*] Replies collected: 0
[2021-12-08 13:59:55+00:00] root - INFO - Collecting retweets of 1468272845683757058...
[2021-12-08 13:59:55+00:00] root - INFO - [*] Retweets collected: 0
[2021-12-08 13:59:55+00:00] root - INFO - Collecting tweets of DefensoriaCol...
[2021-12-08 13:59:55+00:00] root - INFO - Collecting tweets of CGR_Colombia...
[2021-12-08 13:59:55+00:00] root - INFO - Collecting tweets of AuditoriaGen...
[2021-12-08 13:59:55+00:00] root - INFO - Collection finished
[2021-12-08 13:59:55+00:00] root - INFO - [*] Tweets collected: 31
[2021-12-08 13:59:55+00:00] root - INFO - [*] Retweets collected: 132
[2021-12-08 13:59:55+00:00] root - INFO - [*] Replies collected: 615
[2021-12-08 13:59:55+00:00] root - INFO - Execution time: 00:01:01
